also installing the dependencies ‘knitr’, ‘rmarkdown’, ‘httpuv’, ‘sass’, ‘generics’, ‘pillar’, ‘tibble’, ‘tidyselect’, ‘vctrs’, ‘crosstalk’, ‘htmlwidgets’, ‘purrr’, ‘stringr’, ‘cpp11’, ‘classInt’, ‘DBI’, ‘s2’, ‘units’, ‘gtable’, ‘isoband’, ‘S7’, ‘farver’, ‘labeling’, ‘RColorBrewer’, ‘viridisLite’

trying URL 'http://cran.us.r-project.org/src/contrib/knitr_1.51.tar.gz'
Content type 'application/x-gzip' length 483744 bytes (472 KB)
==================================================
downloaded 472 KB

trying URL 'http://cran.us.r-project.org/src/contrib/rmarkdown_2.31.tar.gz'
Content type 'application/x-gzip' length 2199845 bytes (2.1 MB)
==================================================
downloaded 2.1 MB

trying URL 'http://cran.us.r-project.org/src/contrib/httpuv_1.6.17.tar.gz'
Content type 'application/x-gzip' length 1892489 bytes (1.8 MB)
==================================================
downloaded 1.8 MB

trying URL 'http://cran.us.r-project.org/src/contrib/sass_0.4.10.tar.gz'
Content type 'application/x-gzip' length 3025163 bytes (2.9 MB)
==================================================
downloaded 2.9 MB

trying URL 'http://cran.us.r-project.org/src/contrib/generics_0.1.4.tar.gz'
Content type 'application/x-gzip' length 47224 bytes (46 KB)
==================================================
downloaded 46 KB

trying URL 'http://cran.us.r-project.org/src/contrib/pillar_1.11.1.tar.gz'
Content type 'application/x-gzip' length 409508 bytes (399 KB)
==================================================
downloaded 399 KB

trying URL 'http://cran.us.r-project.org/src/contrib/tibble_3.3.1.tar.gz'
Content type 'application/x-gzip' length 557135 bytes (544 KB)
==================================================
downloaded 544 KB

trying URL 'http://cran.us.r-project.org/src/contrib/tidyselect_1.2.1.tar.gz'
Content type 'application/x-gzip' length 103591 bytes (101 KB)
==================================================
downloaded 101 KB

trying URL 'http://cran.us.r-project.org/src/contrib/vctrs_0.7.3.tar.gz'
Content type 'application/x-gzip' length 1083213 bytes (1.0 MB)
==================================================
downloaded 1.0 MB

trying URL 'http://cran.us.r-project.org/src/contrib/crosstalk_1.2.2.tar.gz'
Content type 'application/x-gzip' length 297847 bytes (290 KB)
==================================================
downloaded 290 KB

trying URL 'http://cran.us.r-project.org/src/contrib/htmlwidgets_1.6.4.tar.gz'
Content type 'application/x-gzip' length 868895 bytes (848 KB)
==================================================
downloaded 848 KB

trying URL 'http://cran.us.r-project.org/src/contrib/purrr_1.2.2.tar.gz'
Content type 'application/x-gzip' length 278508 bytes (271 KB)
==================================================
downloaded 271 KB

trying URL 'http://cran.us.r-project.org/src/contrib/stringr_1.6.0.tar.gz'
Content type 'application/x-gzip' length 195833 bytes (191 KB)
==================================================
downloaded 191 KB

trying URL 'http://cran.us.r-project.org/src/contrib/cpp11_0.5.4.tar.gz'
Content type 'application/x-gzip' length 303477 bytes (296 KB)
==================================================
downloaded 296 KB

trying URL 'http://cran.us.r-project.org/src/contrib/classInt_0.4-11.tar.gz'
Content type 'application/x-gzip' length 440406 bytes (430 KB)
==================================================
downloaded 430 KB

trying URL 'http://cran.us.r-project.org/src/contrib/DBI_1.3.0.tar.gz'
Content type 'application/x-gzip' length 744704 bytes (727 KB)
==================================================
downloaded 727 KB

trying URL 'http://cran.us.r-project.org/src/contrib/s2_1.1.9.tar.gz'
Content type 'application/x-gzip' length 2967364 bytes (2.8 MB)
==================================================
downloaded 2.8 MB

trying URL 'http://cran.us.r-project.org/src/contrib/units_1.0-1.tar.gz'
Content type 'application/x-gzip' length 369348 bytes (360 KB)
==================================================
downloaded 360 KB

trying URL 'http://cran.us.r-project.org/src/contrib/gtable_0.3.6.tar.gz'
Content type 'application/x-gzip' length 148148 bytes (144 KB)
==================================================
downloaded 144 KB

trying URL 'http://cran.us.r-project.org/src/contrib/isoband_0.3.0.tar.gz'
Content type 'application/x-gzip' length 1593511 bytes (1.5 MB)
==================================================
downloaded 1.5 MB

trying URL 'http://cran.us.r-project.org/src/contrib/S7_0.2.2.tar.gz'
Content type 'application/x-gzip' length 184632 bytes (180 KB)
==================================================
downloaded 180 KB

trying URL 'http://cran.us.r-project.org/src/contrib/farver_2.1.2.tar.gz'
Content type 'application/x-gzip' length 1275981 bytes (1.2 MB)
==================================================
downloaded 1.2 MB

trying URL 'http://cran.us.r-project.org/src/contrib/labeling_0.4.3.tar.gz'
Content type 'application/x-gzip' length 10167 bytes
==================================================
downloaded 10167 bytes

trying URL 'http://cran.us.r-project.org/src/contrib/RColorBrewer_1.1-3.tar.gz'
Content type 'application/x-gzip' length 11638 bytes (11 KB)
==================================================
downloaded 11 KB

trying URL 'http://cran.us.r-project.org/src/contrib/viridisLite_0.4.3.tar.gz'
Content type 'application/x-gzip' length 1269031 bytes (1.2 MB)
==================================================
downloaded 1.2 MB

trying URL 'http://cran.us.r-project.org/src/contrib/shiny_1.13.0.tar.gz'
Content type 'application/x-gzip' length 2712329 bytes (2.6 MB)
==================================================
downloaded 2.6 MB

trying URL 'http://cran.us.r-project.org/src/contrib/bslib_0.10.0.tar.gz'
Content type 'application/x-gzip' length 5769350 bytes (5.5 MB)
==================================================
downloaded 5.5 MB

trying URL 'http://cran.us.r-project.org/src/contrib/shinyjs_2.1.1.tar.gz'
Content type 'application/x-gzip' length 992492 bytes (969 KB)
==================================================
downloaded 969 KB

trying URL 'http://cran.us.r-project.org/src/contrib/dplyr_1.2.1.tar.gz'
Content type 'application/x-gzip' length 923509 bytes (901 KB)
==================================================
downloaded 901 KB

trying URL 'http://cran.us.r-project.org/src/contrib/logger_0.4.1.tar.gz'
Content type 'application/x-gzip' length 685880 bytes (669 KB)
==================================================
downloaded 669 KB

trying URL 'http://cran.us.r-project.org/src/contrib/DT_0.34.0.tar.gz'
Content type 'application/x-gzip' length 1664306 bytes (1.6 MB)
==================================================
downloaded 1.6 MB

trying URL 'http://cran.us.r-project.org/src/contrib/tidyr_1.3.2.tar.gz'
Content type 'application/x-gzip' length 809031 bytes (790 KB)
==================================================
downloaded 790 KB

trying URL 'http://cran.us.r-project.org/src/contrib/sf_1.1-0.tar.gz'
Content type 'application/x-gzip' length 9876822 bytes (9.4 MB)
==================================================
downloaded 9.4 MB

trying URL 'http://cran.us.r-project.org/src/contrib/ggplot2_4.0.3.tar.gz'
Content type 'application/x-gzip' length 6327703 bytes (6.0 MB)
==================================================
downloaded 6.0 MB

trying URL 'http://cran.us.r-project.org/src/contrib/scales_1.4.0.tar.gz'
Content type 'application/x-gzip' length 328671 bytes (320 KB)
==================================================
downloaded 320 KB

trying URL 'http://cran.us.r-project.org/src/contrib/geosphere_1.6-8.tar.gz'
Content type 'application/x-gzip' length 879922 bytes (859 KB)
==================================================
downloaded 859 KB

* installing *source* package ‘knitr’ ...
** package ‘knitr’ successfully unpacked and MD5 sums checked
** using staged installation
** R
** inst
** byte-compile and prepare package for lazy loading
** help
*** installing help indices
** building package indices
** installing vignettes
** testing if installed package can be loaded from temporary location
** testing if installed package can be loaded from final location
** testing if installed package keeps a record of temporary installation path
* DONE (knitr)
ERROR: failed to lock directory ‘/home/jules/.R/library’ for modifying
Try removing ‘/home/jules/.R/library/00LOCK-httpuv’
ERROR: failed to lock directory ‘/home/jules/.R/library’ for modifying
Try removing ‘/home/jules/.R/library/00LOCK-sass’
* installing *source* package ‘generics’ ...
** package ‘generics’ successfully unpacked and MD5 sums checked
** using staged installation
** R
** byte-compile and prepare package for lazy loading
** help
*** installing help indices
** building package indices
** testing if installed package can be loaded from temporary location
** testing if installed package can be loaded from final location
** testing if installed package keeps a record of temporary installation path
* DONE (generics)
* installing *source* package ‘vctrs’ ...
** package ‘vctrs’ successfully unpacked and MD5 sums checked
** using staged installation
** libs
using C compiler: ‘gcc (Ubuntu 13.3.0-6ubuntu2~24.04.1) 13.3.0’
gcc -I"/usr/share/R/include" -DNDEBUG -I./rlang     -fvisibility=hidden -fpic  -g -O2 -fno-omit-frame-pointer -mno-omit-leaf-frame-pointer -ffile-prefix-map=/build/r-base-FPSnzf/r-base-4.3.3=. -fstack-protector-strong -fstack-clash-protection -Wformat -Werror=format-security -fcf-protection -fdebug-prefix-map=/build/r-base-FPSnzf/r-base-4.3.3=/usr/src/r-base-4.3.3-2build2 -Wdate-time -D_FORTIFY_SOURCE=3  -c altrep-lazy-character.c -o altrep-lazy-character.o
gcc -I"/usr/share/R/include" -DNDEBUG -I./rlang     -fvisibility=hidden -fpic  -g -O2 -fno-omit-frame-pointer -mno-omit-leaf-frame-pointer -ffile-prefix-map=/build/r-base-FPSnzf/r-base-4.3.3=. -fstack-protector-strong -fstack-clash-protection -Wformat -Werror=format-security -fcf-protection -fdebug-prefix-map=/build/r-base-FPSnzf/r-base-4.3.3=/usr/src/r-base-4.3.3-2build2 -Wdate-time -D_FORTIFY_SOURCE=3  -c altrep-rle.c -o altrep-rle.o
gcc -I"/usr/share/R/include" -DNDEBUG -I./rlang     -fvisibility=hidden -fpic  -g -O2 -fno-omit-frame-pointer -mno-omit-leaf-frame-pointer -ffile-prefix-map=/build/r-base-FPSnzf/r-base-4.3.3=. -fstack-protector-strong -fstack-clash-protection -Wformat -Werror=format-security -fcf-protection -fdebug-prefix-map=/build/r-base-FPSnzf/r-base-4.3.3=/usr/src/r-base-4.3.3-2build2 -Wdate-time -D_FORTIFY_SOURCE=3  -c altrep.c -o altrep.o
gcc -I"/usr/share/R/include" -DNDEBUG -I./rlang     -fvisibility=hidden -fpic  -g -O2 -fno-omit-frame-pointer -mno-omit-leaf-frame-pointer -ffile-prefix-map=/build/r-base-FPSnzf/r-base-4.3.3=. -fstack-protector-strong -fstack-clash-protection -Wformat -Werror=format-security -fcf-protection -fdebug-prefix-map=/build/r-base-FPSnzf/r-base-4.3.3=/usr/src/r-base-4.3.3-2build2 -Wdate-time -D_FORTIFY_SOURCE=3  -c arg-counter.c -o arg-counter.o
gcc -I"/usr/share/R/include" -DNDEBUG -I./rlang     -fvisibility=hidden -fpic  -g -O2 -fno-omit-frame-pointer -mno-omit-leaf-frame-pointer -ffile-prefix-map=/build/r-base-FPSnzf/r-base-4.3.3=. -fstack-protector-strong -fstack-clash-protection -Wformat -Werror=format-security -fcf-protection -fdebug-prefix-map=/build/r-base-FPSnzf/r-base-4.3.3=/usr/src/r-base-4.3.3-2build2 -Wdate-time -D_FORTIFY_SOURCE=3  -c arg.c -o arg.o
gcc -I"/usr/share/R/include" -DNDEBUG -I./rlang     -fvisibility=hidden -fpic  -g -O2 -fno-omit-frame-pointer -mno-omit-leaf-frame-pointer -ffile-prefix-map=/build/r-base-FPSnzf/r-base-4.3.3=. -fstack-protector-strong -fstack-clash-protection -Wformat -Werror=format-security -fcf-protection -fdebug-prefix-map=/build/r-base-FPSnzf/r-base-4.3.3=/usr/src/r-base-4.3.3-2build2 -Wdate-time -D_FORTIFY_SOURCE=3  -c assert.c -o assert.o
gcc -I"/usr/share/R/include" -DNDEBUG -I./rlang     -fvisibility=hidden -fpic  -g -O2 -fno-omit-frame-pointer -mno-omit-leaf-frame-pointer -ffile-prefix-map=/build/r-base-FPSnzf/r-base-4.3.3=. -fstack-protector-strong -fstack-clash-protection -Wformat -Werror=format-security -fcf-protection -fdebug-prefix-map=/build/r-base-FPSnzf/r-base-4.3.3=/usr/src/r-base-4.3.3-2build2 -Wdate-time -D_FORTIFY_SOURCE=3  -c bind.c -o bind.o
gcc -I"/usr/share/R/include" -DNDEBUG -I./rlang     -fvisibility=hidden -fpic  -g -O2 -fno-omit-frame-pointer -mno-omit-leaf-frame-pointer -ffile-prefix-map=/build/r-base-FPSnzf/r-base-4.3.3=. -fstack-protector-strong -fstack-clash-protection -Wformat -Werror=format-security -fcf-protection -fdebug-prefix-map=/build/r-base-FPSnzf/r-base-4.3.3=/usr/src/r-base-4.3.3-2build2 -Wdate-time -D_FORTIFY_SOURCE=3  -c c.c -o c.o
gcc -I"/usr/share/R/include" -DNDEBUG -I./rlang     -fvisibility=hidden -fpic  -g -O2 -fno-omit-frame-pointer -mno-omit-leaf-frame-pointer -ffile-prefix-map=/build/r-base-FPSnzf/r-base-4.3.3=. -fstack-protector-strong -fstack-clash-protection -Wformat -Werror=format-security -fcf-protection -fdebug-prefix-map=/build/r-base-FPSnzf/r-base-4.3.3=/usr/src/r-base-4.3.3-2build2 -Wdate-time -D_FORTIFY_SOURCE=3  -c callables.c -o callables.o
gcc -I"/usr/share/R/include" -DNDEBUG -I./rlang     -fvisibility=hidden -fpic  -g -O2 -fno-omit-frame-pointer -mno-omit-leaf-frame-pointer -ffile-prefix-map=/build/r-base-FPSnzf/r-base-4.3.3=. -fstack-protector-strong -fstack-clash-protection -Wformat -Werror=format-security -fcf-protection -fdebug-prefix-map=/build/r-base-FPSnzf/r-base-4.3.3=/usr/src/r-base-4.3.3-2build2 -Wdate-time -D_FORTIFY_SOURCE=3  -c case-when.c -o case-when.o
gcc -I"/usr/share/R/include" -DNDEBUG -I./rlang     -fvisibility=hidden -fpic  -g -O2 -fno-omit-frame-pointer -mno-omit-leaf-frame-pointer -ffile-prefix-map=/build/r-base-FPSnzf/r-base-4.3.3=. -fstack-protector-strong -fstack-clash-protection -Wformat -Werror=format-security -fcf-protection -fdebug-prefix-map=/build/r-base-FPSnzf/r-base-4.3.3=/usr/src/r-base-4.3.3-2build2 -Wdate-time -D_FORTIFY_SOURCE=3  -c cast-bare.c -o cast-bare.o
gcc -I"/usr/share/R/include" -DNDEBUG -I./rlang     -fvisibility=hidden -fpic  -g -O2 -fno-omit-frame-pointer -mno-omit-leaf-frame-pointer -ffile-prefix-map=/build/r-base-FPSnzf/r-base-4.3.3=. -fstack-protector-strong -fstack-clash-protection -Wformat -Werror=format-security -fcf-protection -fdebug-prefix-map=/build/r-base-FPSnzf/r-base-4.3.3=/usr/src/r-base-4.3.3-2build2 -Wdate-time -D_FORTIFY_SOURCE=3  -c cast-dispatch.c -o cast-dispatch.o
gcc -I"/usr/share/R/include" -DNDEBUG -I./rlang     -fvisibility=hidden -fpic  -g -O2 -fno-omit-frame-pointer -mno-omit-leaf-frame-pointer -ffile-prefix-map=/build/r-base-FPSnzf/r-base-4.3.3=. -fstack-protector-strong -fstack-clash-protection -Wformat -Werror=format-security -fcf-protection -fdebug-prefix-map=/build/r-base-FPSnzf/r-base-4.3.3=/usr/src/r-base-4.3.3-2build2 -Wdate-time -D_FORTIFY_SOURCE=3  -c cast.c -o cast.o
gcc -I"/usr/share/R/include" -DNDEBUG -I./rlang     -fvisibility=hidden -fpic  -g -O2 -fno-omit-frame-pointer -mno-omit-leaf-frame-pointer -ffile-prefix-map=/build/r-base-FPSnzf/r-base-4.3.3=. -fstack-protector-strong -fstack-clash-protection -Wformat -Werror=format-security -fcf-protection -fdebug-prefix-map=/build/r-base-FPSnzf/r-base-4.3.3=/usr/src/r-base-4.3.3-2build2 -Wdate-time -D_FORTIFY_SOURCE=3  -c compare.c -o compare.o
gcc -I"/usr/share/R/include" -DNDEBUG -I./rlang     -fvisibility=hidden -fpic  -g -O2 -fno-omit-frame-pointer -mno-omit-leaf-frame-pointer -ffile-prefix-map=/build/r-base-FPSnzf/r-base-4.3.3=. -fstack-protector-strong -fstack-clash-protection -Wformat -Werror=format-security -fcf-protection -fdebug-prefix-map=/build/r-base-FPSnzf/r-base-4.3.3=/usr/src/r-base-4.3.3-2build2 -Wdate-time -D_FORTIFY_SOURCE=3  -c complete.c -o complete.o
gcc -I"/usr/share/R/include" -DNDEBUG -I./rlang     -fvisibility=hidden -fpic  -g -O2 -fno-omit-frame-pointer -mno-omit-leaf-frame-pointer -ffile-prefix-map=/build/r-base-FPSnzf/r-base-4.3.3=. -fstack-protector-strong -fstack-clash-protection -Wformat -Werror=format-security -fcf-protection -fdebug-prefix-map=/build/r-base-FPSnzf/r-base-4.3.3=/usr/src/r-base-4.3.3-2build2 -Wdate-time -D_FORTIFY_SOURCE=3  -c conditions.c -o conditions.o
gcc -I"/usr/share/R/include" -DNDEBUG -I./rlang     -fvisibility=hidden -fpic  -g -O2 -fno-omit-frame-pointer -mno-omit-leaf-frame-pointer -ffile-prefix-map=/build/r-base-FPSnzf/r-base-4.3.3=. -fstack-protector-strong -fstack-clash-protection -Wformat -Werror=format-security -fcf-protection -fdebug-prefix-map=/build/r-base-FPSnzf/r-base-4.3.3=/usr/src/r-base-4.3.3-2build2 -Wdate-time -D_FORTIFY_SOURCE=3  -c dictionary.c -o dictionary.o
gcc -I"/usr/share/R/include" -DNDEBUG -I./rlang     -fvisibility=hidden -fpic  -g -O2 -fno-omit-frame-pointer -mno-omit-leaf-frame-pointer -ffile-prefix-map=/build/r-base-FPSnzf/r-base-4.3.3=. -fstack-protector-strong -fstack-clash-protection -Wformat -Werror=format-security -fcf-protection -fdebug-prefix-map=/build/r-base-FPSnzf/r-base-4.3.3=/usr/src/r-base-4.3.3-2build2 -Wdate-time -D_FORTIFY_SOURCE=3  -c dim.c -o dim.o
gcc -I"/usr/share/R/include" -DNDEBUG -I./rlang     -fvisibility=hidden -fpic  -g -O2 -fno-omit-frame-pointer -mno-omit-leaf-frame-pointer -ffile-prefix-map=/build/r-base-FPSnzf/r-base-4.3.3=. -fstack-protector-strong -fstack-clash-protection -Wformat -Werror=format-security -fcf-protection -fdebug-prefix-map=/build/r-base-FPSnzf/r-base-4.3.3=/usr/src/r-base-4.3.3-2build2 -Wdate-time -D_FORTIFY_SOURCE=3  -c empty.c -o empty.o
gcc -I"/usr/share/R/include" -DNDEBUG -I./rlang     -fvisibility=hidden -fpic  -g -O2 -fno-omit-frame-pointer -mno-omit-leaf-frame-pointer -ffile-prefix-map=/build/r-base-FPSnzf/r-base-4.3.3=. -fstack-protector-strong -fstack-clash-protection -Wformat -Werror=format-security -fcf-protection -fdebug-prefix-map=/build/r-base-FPSnzf/r-base-4.3.3=/usr/src/r-base-4.3.3-2build2 -Wdate-time -D_FORTIFY_SOURCE=3  -c encoding.c -o encoding.o
gcc -I"/usr/share/R/include" -DNDEBUG -I./rlang     -fvisibility=hidden -fpic  -g -O2 -fno-omit-frame-pointer -mno-omit-leaf-frame-pointer -ffile-prefix-map=/build/r-base-FPSnzf/r-base-4.3.3=. -fstack-protector-strong -fstack-clash-protection -Wformat -Werror=format-security -fcf-protection -fdebug-prefix-map=/build/r-base-FPSnzf/r-base-4.3.3=/usr/src/r-base-4.3.3-2build2 -Wdate-time -D_FORTIFY_SOURCE=3  -c equal.c -o equal.o
make: *** wait: No child processes.  Stop.
make: *** Waiting for unfinished jobs....
make: *** wait: No child processes.  Stop.
