WKT trap data import - 2026-06-07 15:28:29

Import summary:
- source_trap_records: 39742
- converted_trap_records: 39742
- deployments: 39711
- observations: 39742
- animal_observations: 4800
- prior_check_overrides: 168
- first_checks_without_prior: 1001
- dropped_first_checks: 0
- dropped_missing_coordinate_records: 0
- traps_with_deployments: 1001
- trap_locality_within: 182
- trap_locality_nearest: 731
- trap_locality_unassigned: 88

Exceptions:
- trap_codes without coordinates:
  - AP31a
  - BD18
  - BS27
  - FRKAT01
  - FRKAT02
  - HB1
  - HB2
  - HB3
  - HB4
  - HB5
  - HB6
  - HB7a
  - HB7b
  - HB8
  - KCP02
  - KCP03
  - KJ00
  - KJ01a
  - KJ02a
  - KJ03a
  - KJ04a
  - KJ05a
  - KJ08a
  - KJ09a
  - KJ10a
  - KJ11a
  - KJ12a
  - KJKat01
  - KJKat02
  - KPG01b
  - KPG02b
  - KPG03b
  - KPG04b
  - KPG05b
  - KPG06b
  - KPG07b
  - KPG08b
  - KPG09b
  - KPG10b
  - KPG11b
  - KPG12b
  - KPG13b
  - KPG15b
  - KPG16b
  - KPGKAT
  - MK30A
  - MK30B
  - MK58
  - MK59
  - MK60
  - MK61
  - MK62
  - MK72
  - MK73
  - MK74
  - MK74A
  - MK75
  - MK76
  - MK77
  - MK78
  - MK79
  - MK80
  - MK81
  - MT09a
  - MT11a
  - OV25
  - SS20
  - SS21
  - SU12
  - SU13
  - SU14
  - SU15
  - SU16
  - SUKAT01
  - SUKAT02
  - SW1
  - SW2
  - SW3
  - SW4
  - SW5
  - SW6
  - SW7
  - SW8
  - SW9
  - WL22
  - WS18
  - WS19
  - WS20
- unmapped kill outcome_ids: none

First deploymentStart with interval_days by trap_code:
- AC1: 2024-09-10T12:00:00+12:00
- AC2: 2024-09-10T12:00:00+12:00
- AC3: 2024-09-10T12:00:00+12:00
- AC4: 2024-09-10T12:00:00+12:00
- AC5: 2024-09-10T12:00:00+12:00
- AP01: 2023-01-20T13:00:00+13:00
- AP02: 2023-01-20T13:00:00+13:00
- AP03: 2023-01-20T13:00:00+13:00
- AP04: 2023-01-20T13:00:00+13:00
- AP05: 2023-01-20T13:00:00+13:00
- AP06: 2023-01-20T13:00:00+13:00
- AP07: 2023-01-20T13:00:00+13:00
- AP08: 2023-01-20T13:00:00+13:00
- AP09: 2023-01-20T13:00:00+13:00
- AP10: 2023-01-20T13:00:00+13:00
- AP11: 2023-01-20T13:00:00+13:00
- AP12: 2023-01-20T13:00:00+13:00
- AP13: 2023-01-20T13:00:00+13:00
- AP14: 2023-01-20T13:00:00+13:00
- AP15: 2023-01-20T13:00:00+13:00
- AP16: 2023-01-20T13:00:00+13:00
- AP17: 2023-01-20T13:00:00+13:00
- AP18: 2023-01-20T13:00:00+13:00
- AP19: 2023-01-20T13:00:00+13:00
- AP20: 2023-01-20T13:00:00+13:00
- AP21: 2023-01-15T13:00:00+13:00
- AP22: 2023-01-15T13:00:00+13:00
- AP23: 2023-01-15T13:00:00+13:00
- AP24: 2023-01-15T13:00:00+13:00
- AP25: 2023-01-15T13:00:00+13:00
- AP26: 2023-01-15T13:00:00+13:00
- AP27: 2023-01-15T13:00:00+13:00
- AP28: 2023-01-15T13:00:00+13:00
- AP29: 2023-01-15T13:00:00+13:00
- AP30: 2023-01-15T13:00:00+13:00
- AP31: 2023-12-01T13:00:00+13:00
- AP31a: 2025-04-13T12:00:00+12:00
- AP32: 2023-12-01T13:00:00+13:00
- AP33: 2023-12-01T13:00:00+13:00
- AP34: 2023-12-01T13:00:00+13:00
- AP35: 2023-12-01T13:00:00+13:00
- AP36: 2023-12-01T13:00:00+13:00
- AP37: 2023-12-01T13:00:00+13:00
- B1: 2023-01-07T13:00:00+13:00
- B2: 2023-01-07T13:00:00+13:00
- B3: 2023-01-07T13:00:00+13:00
- B4: 2023-01-07T13:00:00+13:00
- B5: 2023-01-07T13:00:00+13:00
- B6: 2023-01-07T13:00:00+13:00
- B7: 2023-01-07T13:00:00+13:00
- BB01: 2023-03-20T13:00:00+13:00
- BB02: 2023-03-20T13:00:00+13:00
- BB03: 2023-03-20T13:00:00+13:00
- BB04: 2023-12-01T13:00:00+13:00
- BB05: 2023-12-01T13:00:00+13:00
- BB06: 2023-12-01T13:00:00+13:00
- BB07: 2023-12-01T13:00:00+13:00
- BB08: 2023-12-01T13:00:00+13:00
- BB09: 2023-12-01T13:00:00+13:00
- BB10: 2023-12-01T13:00:00+13:00
- BB11: 2023-12-01T13:00:00+13:00
- BB12: 2023-12-01T13:00:00+13:00
- BB13: 2023-12-01T13:00:00+13:00
- BB14: 2023-12-01T13:00:00+13:00
- BB15: 2023-12-01T13:00:00+13:00
- BB16: 2023-12-01T13:00:00+13:00
- BD01: 2023-02-05T13:00:00+13:00
- BD02: 2023-02-05T13:00:00+13:00
- BD03: 2023-02-05T13:00:00+13:00
- BD04: 2023-02-05T13:00:00+13:00
- BD05: 2023-02-05T13:00:00+13:00
- BD06: 2023-02-05T13:00:00+13:00
- BD07: 2023-02-05T13:00:00+13:00
- BD08: 2023-02-05T13:00:00+13:00
- BD09: 2023-02-05T13:00:00+13:00
- BD10: 2023-02-05T13:00:00+13:00
- BD11: 2023-02-05T13:00:00+13:00
- BD12: 2023-02-05T13:00:00+13:00
- BD13: 2023-02-05T13:00:00+13:00
- BD14: 2023-02-05T13:00:00+13:00
- BD15: 2023-02-05T13:00:00+13:00
- BD16: 2023-02-05T13:00:00+13:00
- BD17: 2023-02-05T13:00:00+13:00
- BD18: 2024-11-18T13:00:00+13:00
- BN01: 2023-01-08T13:00:00+13:00
- BN02: 2023-01-08T13:00:00+13:00
- BN03: 2023-01-08T13:00:00+13:00
- BN04: 2023-01-08T13:00:00+13:00
- BN05: 2023-01-08T13:00:00+13:00
- BN06: 2023-01-08T13:00:00+13:00
- BN07: 2023-01-08T13:00:00+13:00
- BN08: 2023-01-08T13:00:00+13:00
- BN09: 2023-01-08T13:00:00+13:00
- BN10: 2023-01-08T13:00:00+13:00
- BN11: 2023-01-08T13:00:00+13:00
- BN12: 2023-01-08T13:00:00+13:00
- BN13: 2023-01-08T13:00:00+13:00
- BN14: 2023-01-08T13:00:00+13:00
- BN15: 2023-01-08T13:00:00+13:00
- BN16: 2023-01-08T13:00:00+13:00
- BN17: 2023-01-08T13:00:00+13:00
- BN18: 2023-01-08T13:00:00+13:00
- BN19: 2023-01-08T13:00:00+13:00
- BN20: 2023-01-08T13:00:00+13:00
- BN21: 2023-01-08T13:00:00+13:00
- BS01: 2023-12-28T13:00:00+13:00
- BS02: 2023-03-16T13:00:00+13:00
- BS03: 2023-03-16T13:00:00+13:00
- BS04: 2023-12-28T13:00:00+13:00
- BS05: 2023-03-16T13:00:00+13:00
- BS06: 2023-03-16T13:00:00+13:00
- BS07: 2023-03-16T13:00:00+13:00
- BS08: 2023-03-16T13:00:00+13:00
- BS09: 2023-03-16T13:00:00+13:00
- BS10: 2023-03-16T13:00:00+13:00
- BS11: 2023-03-16T13:00:00+13:00
- BS12: 2023-12-28T13:00:00+13:00
- BS13: 2023-12-28T13:00:00+13:00
- BS14: 2023-12-28T13:00:00+13:00
- BS15: 2023-03-16T13:00:00+13:00
- BS16: 2023-12-28T13:00:00+13:00
- BS17: 2023-12-28T13:00:00+13:00
- BS18: 2023-12-28T13:00:00+13:00
- BS19: 2023-12-24T13:00:00+13:00
- BS20: 2023-03-16T13:00:00+13:00
- BS21: 2023-03-16T13:00:00+13:00
- BS22: 2023-12-24T13:00:00+13:00
- BS23: 2023-03-16T13:00:00+13:00
- BS24: 2023-12-24T13:00:00+13:00
- BS25: 2023-12-24T13:00:00+13:00
- BS26: 2023-12-24T13:00:00+13:00
- BS27: 2024-11-08T13:00:00+13:00
- CD01: 2023-02-05T13:00:00+13:00
- CD02: 2023-02-05T13:00:00+13:00
- CD03: 2023-02-05T13:00:00+13:00
- CD04: 2023-02-05T13:00:00+13:00
- CD05: 2023-02-05T13:00:00+13:00
- CD06: 2023-02-05T13:00:00+13:00
- CD07: 2023-02-05T13:00:00+13:00
- CF01: 2023-01-12T13:00:00+13:00
- CF02: 2023-01-12T13:00:00+13:00
- CF03: 2023-01-12T13:00:00+13:00
- CF04: 2023-01-12T13:00:00+13:00
- CF05: 2023-01-12T13:00:00+13:00
- CR01: 2023-01-20T13:00:00+13:00
- CR02: 2023-01-20T13:00:00+13:00
- CR03: 2023-01-20T13:00:00+13:00
- CR04: 2023-01-20T13:00:00+13:00
- CR05: 2023-01-24T13:00:00+13:00
- CR06: 2023-01-24T13:00:00+13:00
- CR07: 2023-01-24T13:00:00+13:00
- CR08: 2023-01-24T13:00:00+13:00
- CR09: 2023-01-24T13:00:00+13:00
- CR10: 2023-01-24T13:00:00+13:00
- CR11: 2023-01-24T13:00:00+13:00
- CR12: 2023-01-24T13:00:00+13:00
- CR13: 2023-01-24T13:00:00+13:00
- CR14: 2023-01-24T13:00:00+13:00
- CR15: 2023-01-24T13:00:00+13:00
- CR16: 2023-01-24T13:00:00+13:00
- CS01: 2023-01-20T13:00:00+13:00
- CS02: 2023-01-20T13:00:00+13:00
- CS03: 2023-01-20T13:00:00+13:00
- CS04: 2023-01-20T13:00:00+13:00
- CS05: 2023-01-24T13:00:00+13:00
- CS05a: 2023-01-24T13:00:00+13:00
- CS06: 2023-01-24T13:00:00+13:00
- CS06a: 2023-01-24T13:00:00+13:00
- CS07: 2023-01-24T13:00:00+13:00
- CS07a: 2023-01-24T13:00:00+13:00
- CS08: 2023-01-24T13:00:00+13:00
- CS09: 2023-01-24T13:00:00+13:00
- CS10: 2023-01-24T13:00:00+13:00
- CS11: 2023-01-24T13:00:00+13:00
- CS12: 2023-01-24T13:00:00+13:00
- CT1: 2023-04-05T12:00:00+12:00
- CT10: 2023-04-05T12:00:00+12:00
- CT12: 2023-04-05T12:00:00+12:00
- CT4: 2023-04-05T12:00:00+12:00
- CT7: 2023-04-05T12:00:00+12:00
- CT9: 2023-04-05T12:00:00+12:00
- DB01: 2023-01-17T13:00:00+13:00
- DB02: 2023-01-17T13:00:00+13:00
- DB03: 2023-01-17T13:00:00+13:00
- DB04: 2023-01-17T13:00:00+13:00
- DB05: 2023-01-17T13:00:00+13:00
- DB06: 2023-01-17T13:00:00+13:00
- DB07: 2023-01-17T13:00:00+13:00
- DB08: 2023-01-17T13:00:00+13:00
- DB09: 2023-01-17T13:00:00+13:00
- DB10: 2023-01-17T13:00:00+13:00
- DB11: 2023-01-17T13:00:00+13:00
- DB12: 2023-01-17T13:00:00+13:00
- DB13: 2023-01-17T13:00:00+13:00
- DB14: 2023-01-17T13:00:00+13:00
- DB15: 2023-01-17T13:00:00+13:00
- DB16: 2023-01-17T13:00:00+13:00
- DB17: 2023-01-17T13:00:00+13:00
- DB18: 2023-01-17T13:00:00+13:00
- DB19: 2023-01-17T13:00:00+13:00
- DB20: 2023-01-17T13:00:00+13:00
- DB21: 2023-01-17T13:00:00+13:00
- DB22: 2023-01-17T13:00:00+13:00
- DB23: 2023-01-17T13:00:00+13:00
- DB24: 2023-01-17T13:00:00+13:00
- DB25: 2023-01-17T13:00:00+13:00
- DB26: 2023-01-17T13:00:00+13:00
- DB27: 2023-01-17T13:00:00+13:00
- DB28: 2023-01-17T13:00:00+13:00
- DB29: 2023-01-17T13:00:00+13:00
- DB30: 2023-01-17T13:00:00+13:00
- DB31: 2023-01-17T13:00:00+13:00
- DF01: 2023-01-03T13:00:00+13:00
- DF02: 2023-01-03T13:00:00+13:00
- DF03: 2023-01-03T13:00:00+13:00
- DF04: 2023-01-03T13:00:00+13:00
- DF05: 2023-01-03T13:00:00+13:00
- DF06: 2023-01-03T13:00:00+13:00
- DF07: 2023-01-03T13:00:00+13:00
- DF08: 2023-01-03T13:00:00+13:00
- DF08A: 2023-01-29T13:00:00+13:00
- DF08B: 2023-01-29T13:00:00+13:00
- DF09: 2023-11-29T13:00:00+13:00
- DF10: 2023-11-29T13:00:00+13:00
- DF11: 2023-11-29T13:00:00+13:00
- DF12: 2023-11-29T13:00:00+13:00
- DF13: 2023-11-29T13:00:00+13:00
- DF14: 2023-11-29T13:00:00+13:00
- DF15: 2023-11-29T13:00:00+13:00
- DF16: 2023-11-29T13:00:00+13:00
- DF17: 2023-11-29T13:00:00+13:00
- DF17A: 2023-11-29T13:00:00+13:00
- DF18: 2023-01-03T13:00:00+13:00
- DF19: 2023-01-03T13:00:00+13:00
- DF20: 2023-01-03T13:00:00+13:00
- DF21: 2023-01-03T13:00:00+13:00
- DF22: 2023-01-03T13:00:00+13:00
- DF23: 2023-01-03T13:00:00+13:00
- DF24: 2023-01-03T13:00:00+13:00
- DF25: 2023-01-03T13:00:00+13:00
- DV01: 2023-02-05T13:00:00+13:00
- DV02: 2023-02-05T13:00:00+13:00
- DV03: 2023-02-05T13:00:00+13:00
- DV04: 2023-02-05T13:00:00+13:00
- DV05: 2023-02-05T13:00:00+13:00
- DV06: 2023-02-05T13:00:00+13:00
- FG01: 2023-01-03T13:00:00+13:00
- FG02: 2023-01-03T13:00:00+13:00
- FG03: 2023-01-03T13:00:00+13:00
- FG04: 2023-01-03T13:00:00+13:00
- FG05: 2023-01-03T13:00:00+13:00
- FG06: 2023-01-03T13:00:00+13:00
- FG07: 2023-01-03T13:00:00+13:00
- FG08: 2023-01-03T13:00:00+13:00
- FG09: 2023-01-03T13:00:00+13:00
- FR01: 2023-01-23T13:00:00+13:00
- FR02: 2023-01-23T13:00:00+13:00
- FR03: 2023-01-23T13:00:00+13:00
- FR04: 2023-01-23T13:00:00+13:00
- FR05: 2023-01-23T13:00:00+13:00
- FR06: 2023-01-23T13:00:00+13:00
- FR07: 2023-01-23T13:00:00+13:00
- FR08: 2023-01-23T13:00:00+13:00
- FR09: 2023-01-23T13:00:00+13:00
- FR10: 2023-01-23T13:00:00+13:00
- FR11: 2023-01-23T13:00:00+13:00
- FRKAT01: 2023-10-20T13:00:00+13:00
- FRKAT02: 2023-10-20T13:00:00+13:00
- HB1: 2023-12-15T13:00:00+13:00
- HB2: 2023-12-15T13:00:00+13:00
- HB3: 2023-12-15T13:00:00+13:00
- HB4: 2023-12-15T13:00:00+13:00
- HB5: 2023-12-15T13:00:00+13:00
- HB6: 2023-12-15T13:00:00+13:00
- HB7a: 2023-12-15T13:00:00+13:00
- HB7b: 2023-12-15T13:00:00+13:00
- HB8: 2023-12-15T13:00:00+13:00
- KC01: 2023-01-09T13:00:00+13:00
- KC02: 2023-01-09T13:00:00+13:00
- KC03: 2023-01-09T13:00:00+13:00
- KC04: 2023-01-09T13:00:00+13:00
- KC05: 2023-01-09T13:00:00+13:00
- KC06: 2023-01-09T13:00:00+13:00
- KC07: 2023-01-09T13:00:00+13:00
- KC08: 2023-01-09T13:00:00+13:00
- KC09: 2023-01-09T13:00:00+13:00
- KC10: 2023-01-09T13:00:00+13:00
- KC11: 2023-01-09T13:00:00+13:00
- KCP01: 2023-01-25T13:00:00+13:00
- KCP02: 2023-01-25T13:00:00+13:00
- KCP03: 2023-01-25T13:00:00+13:00
- KF00: 2023-01-25T13:00:00+13:00
- KF01: 2023-01-25T13:00:00+13:00
- KF02: 2023-01-25T13:00:00+13:00
- KF03: 2023-01-25T13:00:00+13:00
- KF04: 2023-01-25T13:00:00+13:00
- KF05: 2023-01-25T13:00:00+13:00
- KF06: 2023-01-25T13:00:00+13:00
- KF07: 2023-01-25T13:00:00+13:00
- KF08: 2023-01-25T13:00:00+13:00
- KF09: 2023-01-25T13:00:00+13:00
- KF10: 2023-01-25T13:00:00+13:00
- KF11: 2023-01-25T13:00:00+13:00
- KF12: 2023-01-25T13:00:00+13:00
- KF13: 2023-01-25T13:00:00+13:00
- KF14: 2023-01-25T13:00:00+13:00
- KF15: 2023-01-25T13:00:00+13:00
- KF16: 2023-01-25T13:00:00+13:00
- KF17: 2023-01-25T13:00:00+13:00
- KF18: 2023-01-25T13:00:00+13:00
- KF19: 2023-01-25T13:00:00+13:00
- KF20: 2023-01-25T13:00:00+13:00
- KF21: 2023-01-25T13:00:00+13:00
- KF22: 2023-01-25T13:00:00+13:00
- KJ00: 2024-12-18T13:00:00+13:00
- KJ01: 2023-01-10T13:00:00+13:00
- KJ01a: 2024-12-18T13:00:00+13:00
- KJ02: 2023-01-10T13:00:00+13:00
- KJ02a: 2024-12-18T13:00:00+13:00
- KJ03: 2023-01-10T13:00:00+13:00
- KJ03a: 2024-12-18T13:00:00+13:00
- KJ04: 2023-01-10T13:00:00+13:00
- KJ04a: 2024-12-18T13:00:00+13:00
- KJ05: 2023-01-10T13:00:00+13:00
- KJ05a: 2024-12-18T13:00:00+13:00
- KJ06: 2023-01-10T13:00:00+13:00
- KJ07: 2023-01-10T13:00:00+13:00
- KJ08: 2023-01-10T13:00:00+13:00
- KJ08a: 2024-12-18T13:00:00+13:00
- KJ09: 2023-01-10T13:00:00+13:00
- KJ09a: 2024-12-18T13:00:00+13:00
- KJ10: 2023-01-10T13:00:00+13:00
- KJ10a: 2024-12-18T13:00:00+13:00
- KJ11: 2023-01-10T13:00:00+13:00
- KJ11a: 2024-12-18T13:00:00+13:00
- KJ12: 2023-01-10T13:00:00+13:00
- KJ12a: 2024-12-18T13:00:00+13:00
- KJKat01: 2024-12-18T13:00:00+13:00
- KJKat02: 2024-12-18T13:00:00+13:00
- KL01: 2025-04-25T12:00:00+12:00
- KL02: 2025-04-26T12:00:00+12:00
- KL03: 2025-04-26T12:00:00+12:00
- KL04: 2025-04-26T12:00:00+12:00
- KL05: 2025-04-26T12:00:00+12:00
- KL06: 2025-04-26T12:00:00+12:00
- KL07: 2025-04-26T12:00:00+12:00
- KL08: 2025-04-26T12:00:00+12:00
- KL09: 2025-04-26T12:00:00+12:00
- KL10: 2025-04-26T12:00:00+12:00
- KL11: 2025-04-26T12:00:00+12:00
- KP01: 2023-01-09T13:00:00+13:00
- KP02: 2023-01-09T13:00:00+13:00
- KP03: 2023-01-09T13:00:00+13:00
- KP04: 2023-01-09T13:00:00+13:00
- KP04A: 2023-01-09T13:00:00+13:00
- KP05: 2023-01-09T13:00:00+13:00
- KP06: 2023-01-09T13:00:00+13:00
- KP07: 2023-01-09T13:00:00+13:00
- KP08: 2023-01-09T13:00:00+13:00
- KP09: 2023-01-09T13:00:00+13:00
- KP10: 2023-01-09T13:00:00+13:00
- KP11: 2023-01-09T13:00:00+13:00
- KP12: 2023-01-09T13:00:00+13:00
- KP13: 2023-01-09T13:00:00+13:00
- KP14: 2023-01-09T13:00:00+13:00
- KP15: 2023-01-09T13:00:00+13:00
- KP16: 2023-01-09T13:00:00+13:00
- KP17: 2023-01-09T13:00:00+13:00
- KP18: 2023-01-09T13:00:00+13:00
- KP19: 2023-01-07T13:00:00+13:00
- KP20: 2023-01-07T13:00:00+13:00
- KP21: 2023-01-07T13:00:00+13:00
- KPG01a: 2025-02-10T13:00:00+13:00
- KPG01b: 2025-02-10T13:00:00+13:00
- KPG02a: 2025-02-10T13:00:00+13:00
- KPG02b: 2025-02-10T13:00:00+13:00
- KPG03a: 2025-02-10T13:00:00+13:00
- KPG03b: 2025-02-10T13:00:00+13:00
- KPG04a: 2025-02-10T13:00:00+13:00
- KPG04b: 2025-02-10T13:00:00+13:00
- KPG05a: 2025-02-10T13:00:00+13:00
- KPG05b: 2025-02-10T13:00:00+13:00
- KPG06a: 2025-02-10T13:00:00+13:00
- KPG06b: 2025-02-10T13:00:00+13:00
- KPG07a: 2025-02-10T13:00:00+13:00
- KPG07b: 2025-02-10T13:00:00+13:00
- KPG08a: 2025-02-10T13:00:00+13:00
- KPG08b: 2025-02-10T13:00:00+13:00
- KPG09a: 2025-02-10T13:00:00+13:00
- KPG09b: 2025-02-10T13:00:00+13:00
- KPG10a: 2025-02-10T13:00:00+13:00
- KPG10b: 2025-02-10T13:00:00+13:00
- KPG11a: 2025-02-10T13:00:00+13:00
- KPG11b: 2025-02-10T13:00:00+13:00
- KPG12a: 2025-02-10T13:00:00+13:00
- KPG12b: 2025-02-10T13:00:00+13:00
- KPG13a: 2025-02-10T13:00:00+13:00
- KPG13b: 2025-02-10T13:00:00+13:00
- KPG14: 2025-02-10T13:00:00+13:00
- KPG15a: 2025-02-10T13:00:00+13:00
- KPG15b: 2025-02-10T13:00:00+13:00
- KPG16a: 2025-02-10T13:00:00+13:00
- KPG16b: 2025-02-10T13:00:00+13:00
- KPGKAT: 2025-02-10T13:00:00+13:00
- MC01: 2023-01-03T13:00:00+13:00
- MC02: 2023-01-03T13:00:00+13:00
- MC03: 2023-01-03T13:00:00+13:00
- MC04: 2023-01-03T13:00:00+13:00
- MC05: 2023-01-03T13:00:00+13:00
- MC06: 2023-01-03T13:00:00+13:00
- MC07: 2023-01-03T13:00:00+13:00
- MC08: 2023-01-03T13:00:00+13:00
- MC09: 2023-01-03T13:00:00+13:00
- MC10: 2023-01-03T13:00:00+13:00
- MC11: 2023-01-03T13:00:00+13:00
- MC12: 2023-01-03T13:00:00+13:00
- MC13: 2023-01-03T13:00:00+13:00
- MC14: 2023-01-03T13:00:00+13:00
- MC15: 2023-01-03T13:00:00+13:00
- MC16: 2023-01-03T13:00:00+13:00
- MC17: 2023-01-03T13:00:00+13:00
- MC18: 2023-01-03T13:00:00+13:00
- MC19: 2023-01-03T13:00:00+13:00
- MC20: 2023-01-03T13:00:00+13:00
- ME1: 2023-01-07T13:00:00+13:00
- ME2: 2023-01-07T13:00:00+13:00
- ME3: 2023-01-07T13:00:00+13:00
- ME4: 2023-01-07T13:00:00+13:00
- ME5: 2023-01-07T13:00:00+13:00
- ME6: 2023-01-07T13:00:00+13:00
- ME7: 2023-01-07T13:00:00+13:00
- MK01: 2023-01-27T13:00:00+13:00
- MK02: 2023-01-27T13:00:00+13:00
- MK03: 2023-01-27T13:00:00+13:00
- MK04: 2023-01-27T13:00:00+13:00
- MK05: 2023-01-27T13:00:00+13:00
- MK06: 2023-01-27T13:00:00+13:00
- MK07: 2023-01-27T13:00:00+13:00
- MK08: 2023-01-27T13:00:00+13:00
- MK09: 2023-01-15T13:00:00+13:00
- MK10: 2023-01-15T13:00:00+13:00
- MK11: 2023-01-15T13:00:00+13:00
- MK12: 2023-01-15T13:00:00+13:00
- MK13: 2023-01-15T13:00:00+13:00
- MK14: 2023-01-15T13:00:00+13:00
- MK15: 2023-01-15T13:00:00+13:00
- MK16: 2023-01-15T13:00:00+13:00
- MK17: 2023-01-04T13:00:00+13:00
- MK18: 2023-01-04T13:00:00+13:00
- MK19: 2023-01-04T13:00:00+13:00
- MK20: 2023-01-04T13:00:00+13:00
- MK21: 2023-01-04T13:00:00+13:00
- MK22: 2023-01-04T13:00:00+13:00
- MK23: 2023-01-04T13:00:00+13:00
- MK24: 2023-01-04T13:00:00+13:00
- MK25: 2023-01-04T13:00:00+13:00
- MK26: 2023-01-04T13:00:00+13:00
- MK27: 2023-01-04T13:00:00+13:00
- MK28: 2023-01-04T13:00:00+13:00
- MK29: 2023-01-04T13:00:00+13:00
- MK30: 2023-01-15T13:00:00+13:00
- MK30A: 2023-01-15T13:00:00+13:00
- MK30B: 2023-01-15T13:00:00+13:00
- MK31: 2023-01-15T13:00:00+13:00
- MK32: 2023-01-15T13:00:00+13:00
- MK33: 2023-01-15T13:00:00+13:00
- MK34: 2023-01-15T13:00:00+13:00
- MK35: 2023-01-15T13:00:00+13:00
- MK36: 2023-01-15T13:00:00+13:00
- MK37: 2023-01-15T13:00:00+13:00
- MK38: 2023-01-15T13:00:00+13:00
- MK39: 2023-01-15T13:00:00+13:00
- MK40: 2023-01-15T13:00:00+13:00
- MK41: 2023-01-27T13:00:00+13:00
- MK42: 2023-01-27T13:00:00+13:00
- MK43: 2023-01-27T13:00:00+13:00
- MK44: 2023-01-27T13:00:00+13:00
- MK45: 2023-01-27T13:00:00+13:00
- MK46: 2023-01-27T13:00:00+13:00
- MK47: 2023-01-27T13:00:00+13:00
- MK48: 2023-01-27T13:00:00+13:00
- MK49: 2024-04-09T12:00:00+12:00
- MK50: 2023-01-04T13:00:00+13:00
- MK51: 2023-01-04T13:00:00+13:00
- MK52: 2023-01-04T13:00:00+13:00
- MK53: 2023-01-04T13:00:00+13:00
- MK54: 2023-01-04T13:00:00+13:00
- MK55: 2023-01-04T13:00:00+13:00
- MK56: 2023-01-04T13:00:00+13:00
- MK57: 2023-01-04T13:00:00+13:00
- MK58: 2023-01-04T13:00:00+13:00
- MK59: 2023-01-04T13:00:00+13:00
- MK60: 2023-01-04T13:00:00+13:00
- MK61: 2023-01-04T13:00:00+13:00
- MK62: 2023-01-04T13:00:00+13:00
- MK63: 2023-01-15T13:00:00+13:00
- MK64: 2023-01-15T13:00:00+13:00
- MK65: 2023-01-15T13:00:00+13:00
- MK66: 2023-01-15T13:00:00+13:00
- MK67: 2023-01-15T13:00:00+13:00
- MK68: 2023-01-15T13:00:00+13:00
- MK69: 2023-01-15T13:00:00+13:00
- MK70: 2023-01-15T13:00:00+13:00
- MK71: 2023-01-15T13:00:00+13:00
- MK72: 2023-01-27T13:00:00+13:00
- MK73: 2023-01-27T13:00:00+13:00
- MK74: 2023-01-18T13:00:00+13:00
- MK74A: 2023-01-18T13:00:00+13:00
- MK75: 2023-01-18T13:00:00+13:00
- MK76: 2023-01-18T13:00:00+13:00
- MK77: 2023-01-18T13:00:00+13:00
- MK78: 2023-01-18T13:00:00+13:00
- MK79: 2023-01-18T13:00:00+13:00
- MK80: 2023-01-18T13:00:00+13:00
- MK81: 2023-01-18T13:00:00+13:00
- MR01: 2023-01-30T13:00:00+13:00
- MR02: 2023-01-30T13:00:00+13:00
- MR03: 2023-01-30T13:00:00+13:00
- MR04: 2023-01-30T13:00:00+13:00
- MR05: 2023-01-30T13:00:00+13:00
- MR06: 2023-01-30T13:00:00+13:00
- MR07: 2023-01-30T13:00:00+13:00
- MR08: 2023-01-30T13:00:00+13:00
- MR09: 2023-01-26T13:00:00+13:00
- MR10: 2023-01-26T13:00:00+13:00
- MR11: 2023-01-26T13:00:00+13:00
- MR12: 2023-01-26T13:00:00+13:00
- MR13: 2023-01-26T13:00:00+13:00
- MR14: 2023-01-26T13:00:00+13:00
- MR15: 2023-01-26T13:00:00+13:00
- MR16: 2023-01-26T13:00:00+13:00
- MR17: 2023-01-26T13:00:00+13:00
- MR18: 2023-01-26T13:00:00+13:00
- MR19: 2023-01-26T13:00:00+13:00
- MR20: 2023-01-26T13:00:00+13:00
- MT01: 2023-02-27T13:00:00+13:00
- MT02: 2023-02-27T13:00:00+13:00
- MT03: 2023-02-27T13:00:00+13:00
- MT04: 2023-02-27T13:00:00+13:00
- MT05: 2023-02-27T13:00:00+13:00
- MT06: 2023-02-27T13:00:00+13:00
- MT07: 2023-02-27T13:00:00+13:00
- MT08: 2023-02-27T13:00:00+13:00
- MT09: 2023-02-27T13:00:00+13:00
- MT09a: 2023-05-30T12:00:00+12:00
- MT10: 2023-02-27T13:00:00+13:00
- MT11: 2023-02-27T13:00:00+13:00
- MT11a: 2023-02-27T13:00:00+13:00
- MT12: 2023-02-27T13:00:00+13:00
- MT13: 2023-02-27T13:00:00+13:00
- MT14: 2023-02-27T13:00:00+13:00
- MT15: 2023-02-27T13:00:00+13:00
- MT16: 2023-02-27T13:00:00+13:00
- MT17: 2023-02-27T13:00:00+13:00
- MT18: 2023-02-27T13:00:00+13:00
- OP01: 2023-01-03T13:00:00+13:00
- OP02: 2023-01-03T13:00:00+13:00
- OP03: 2023-01-03T13:00:00+13:00
- OP04: 2023-01-03T13:00:00+13:00
- OP05: 2023-01-03T13:00:00+13:00
- OP06: 2023-01-03T13:00:00+13:00
- OP07: 2023-01-03T13:00:00+13:00
- OP08: 2023-01-03T13:00:00+13:00
- OP09: 2023-01-03T13:00:00+13:00
- OP10: 2023-01-03T13:00:00+13:00
- OP11: 2023-01-03T13:00:00+13:00
- OP12: 2023-01-03T13:00:00+13:00
- OS01: 2023-01-13T13:00:00+13:00
- OS02: 2023-01-13T13:00:00+13:00
- OS03: 2023-01-13T13:00:00+13:00
- OS04: 2023-01-13T13:00:00+13:00
- OS05: 2023-01-13T13:00:00+13:00
- OS06: 2023-01-13T13:00:00+13:00
- OS07: 2023-01-13T13:00:00+13:00
- OS08: 2023-01-13T13:00:00+13:00
- OS09: 2023-01-13T13:00:00+13:00
- OV01: 2023-01-12T13:00:00+13:00
- OV02: 2023-01-12T13:00:00+13:00
- OV03: 2023-01-12T13:00:00+13:00
- OV04: 2023-01-12T13:00:00+13:00
- OV05: 2023-01-12T13:00:00+13:00
- OV06: 2023-01-12T13:00:00+13:00
- OV07: 2023-01-12T13:00:00+13:00
- OV08: 2023-01-24T13:00:00+13:00
- OV09: 2023-01-24T13:00:00+13:00
- OV10: 2023-01-24T13:00:00+13:00
- OV11: 2023-01-24T13:00:00+13:00
- OV12: 2023-01-24T13:00:00+13:00
- OV13: 2023-01-24T13:00:00+13:00
- OV14: 2023-01-24T13:00:00+13:00
- OV15: 2023-01-15T13:00:00+13:00
- OV16: 2023-01-15T13:00:00+13:00
- OV17: 2023-01-15T13:00:00+13:00
- OV18: 2023-01-15T13:00:00+13:00
- OV19: 2023-01-15T13:00:00+13:00
- OV20: 2023-01-15T13:00:00+13:00
- OV21: 2023-01-15T13:00:00+13:00
- OV22: 2023-01-15T13:00:00+13:00
- OV23: 2023-01-15T13:00:00+13:00
- OV24: 2023-01-15T13:00:00+13:00
- OV25: 2023-01-15T13:00:00+13:00
- OV26: 2023-01-30T13:00:00+13:00
- OV27: 2023-01-30T13:00:00+13:00
- OV28: 2023-01-30T13:00:00+13:00
- OV29: 2023-01-30T13:00:00+13:00
- PA01: 2023-01-15T13:00:00+13:00
- PA02: 2023-01-15T13:00:00+13:00
- PA03: 2023-01-15T13:00:00+13:00
- PA04: 2023-01-15T13:00:00+13:00
- PA05: 2023-01-15T13:00:00+13:00
- PK01: 2023-02-08T13:00:00+13:00
- PK02: 2023-02-08T13:00:00+13:00
- PK03: 2023-02-08T13:00:00+13:00
- PK04: 2023-02-08T13:00:00+13:00
- PK05: 2023-02-08T13:00:00+13:00
- PK06: 2023-02-08T13:00:00+13:00
- PK07: 2023-02-08T13:00:00+13:00
- PK08: 2023-02-08T13:00:00+13:00
- PK09: 2023-02-08T13:00:00+13:00
- PK11: 2023-02-08T13:00:00+13:00
- PK12: 2023-02-08T13:00:00+13:00
- PK13: 2023-02-08T13:00:00+13:00
- PK14: 2023-02-08T13:00:00+13:00
- SF01: 2023-01-24T13:00:00+13:00
- SF02: 2023-01-24T13:00:00+13:00
- SF03: 2023-01-24T13:00:00+13:00
- SF04: 2023-01-24T13:00:00+13:00
- SF05: 2023-03-02T13:00:00+13:00
- SM1: 2023-01-20T13:00:00+13:00
- SM2: 2023-01-20T13:00:00+13:00
- SM3: 2023-01-20T13:00:00+13:00
- SP01: 2024-01-04T13:00:00+13:00
- SP02: 2024-01-04T13:00:00+13:00
- SP03: 2024-01-04T13:00:00+13:00
- SP04: 2024-01-04T13:00:00+13:00
- SP05: 2024-01-04T13:00:00+13:00
- SP06: 2024-01-04T13:00:00+13:00
- SP07: 2024-01-04T13:00:00+13:00
- SP08: 2024-01-04T13:00:00+13:00
- SP09: 2024-01-04T13:00:00+13:00
- SP10: 2024-01-04T13:00:00+13:00
- SP11: 2024-01-04T13:00:00+13:00
- SP12: 2024-01-04T13:00:00+13:00
- SP13: 2024-01-04T13:00:00+13:00
- SP14: 2024-01-04T13:00:00+13:00
- SP15: 2024-01-04T13:00:00+13:00
- SP16: 2024-01-04T13:00:00+13:00
- SP17: 2024-01-04T13:00:00+13:00
- SP18: 2024-01-04T13:00:00+13:00
- SP19: 2024-01-04T13:00:00+13:00
- SP20: 2024-01-04T13:00:00+13:00
- SP21: 2024-01-04T13:00:00+13:00
- SP22: 2024-01-04T13:00:00+13:00
- SP23: 2024-01-04T13:00:00+13:00
- SP24: 2025-04-13T12:00:00+12:00
- SP25: 2025-04-13T12:00:00+12:00
- SS01: 2023-01-20T13:00:00+13:00
- SS02: 2023-01-20T13:00:00+13:00
- SS03: 2023-01-20T13:00:00+13:00
- SS04: 2023-01-20T13:00:00+13:00
- SS05: 2023-01-20T13:00:00+13:00
- SS06: 2023-01-20T13:00:00+13:00
- SS07: 2023-01-20T13:00:00+13:00
- SS08: 2023-01-20T13:00:00+13:00
- SS09: 2023-01-20T13:00:00+13:00
- SS10: 2023-01-20T13:00:00+13:00
- SS11: 2023-01-18T13:00:00+13:00
- SS11a: 2023-01-18T13:00:00+13:00
- SS12: 2023-01-30T13:00:00+13:00
- SS13: 2023-01-30T13:00:00+13:00
- SS14: 2023-01-30T13:00:00+13:00
- SS15: 2023-01-30T13:00:00+13:00
- SS16: 2023-01-30T13:00:00+13:00
- SS17: 2023-01-30T13:00:00+13:00
- SS18: 2023-01-30T13:00:00+13:00
- SS19: 2023-01-30T13:00:00+13:00
- SS20: 2023-01-30T13:00:00+13:00
- SS21: 2023-01-30T13:00:00+13:00
- SS22: 2023-01-30T13:00:00+13:00
- SS23: 2023-01-30T13:00:00+13:00
- SS24: 2023-01-30T13:00:00+13:00
- ST01: 2023-01-03T13:00:00+13:00
- ST02: 2023-01-03T13:00:00+13:00
- ST03: 2023-01-03T13:00:00+13:00
- ST04: 2023-01-03T13:00:00+13:00
- ST05: 2023-01-03T13:00:00+13:00
- ST06: 2023-01-03T13:00:00+13:00
- ST07: 2023-01-03T13:00:00+13:00
- ST08: 2023-01-03T13:00:00+13:00
- ST09: 2023-01-03T13:00:00+13:00
- ST10: 2023-01-03T13:00:00+13:00
- ST11: 2023-01-03T13:00:00+13:00
- ST12: 2023-01-03T13:00:00+13:00
- ST13: 2023-01-03T13:00:00+13:00
- ST14: 2023-01-03T13:00:00+13:00
- ST15: 2023-01-03T13:00:00+13:00
- ST16: 2023-01-03T13:00:00+13:00
- ST17: 2023-01-03T13:00:00+13:00
- ST18: 2023-01-03T13:00:00+13:00
- ST19: 2023-01-03T13:00:00+13:00
- ST20: 2023-01-03T13:00:00+13:00
- ST21: 2023-01-03T13:00:00+13:00
- ST22: 2023-01-03T13:00:00+13:00
- ST24: 2023-01-03T13:00:00+13:00
- ST25: 2023-01-03T13:00:00+13:00
- ST26: 2023-01-03T13:00:00+13:00
- ST27: 2023-01-03T13:00:00+13:00
- ST28: 2023-01-03T13:00:00+13:00
- ST29: 2023-01-03T13:00:00+13:00
- ST30: 2023-01-03T13:00:00+13:00
- ST31: 2023-01-03T13:00:00+13:00
- ST32: 2023-01-03T13:00:00+13:00
- ST33: 2023-01-03T13:00:00+13:00
- ST34: 2023-01-03T13:00:00+13:00
- ST35: 2023-01-03T13:00:00+13:00
- ST36: 2023-01-03T13:00:00+13:00
- ST37: 2023-01-03T13:00:00+13:00
- ST38: 2023-01-03T13:00:00+13:00
- ST39: 2023-01-03T13:00:00+13:00
- ST40: 2023-01-03T13:00:00+13:00
- SU01: 2023-07-27T12:00:00+12:00
- SU02: 2023-07-27T12:00:00+12:00
- SU03: 2023-07-27T12:00:00+12:00
- SU04: 2023-07-27T12:00:00+12:00
- SU05: 2023-07-27T12:00:00+12:00
- SU06: 2023-07-27T12:00:00+12:00
- SU07: 2023-07-27T12:00:00+12:00
- SU08: 2023-07-27T12:00:00+12:00
- SU09: 2023-07-27T12:00:00+12:00
- SU10: 2023-07-27T12:00:00+12:00
- SU11: 2023-07-27T12:00:00+12:00
- SU12: 2023-07-27T12:00:00+12:00
- SU13: 2023-07-27T12:00:00+12:00
- SU14: 2023-07-27T12:00:00+12:00
- SU15: 2023-07-27T12:00:00+12:00
- SU16: 2023-07-27T12:00:00+12:00
- SUKAT01: 2023-07-27T12:00:00+12:00
- SUKAT02: 2023-07-27T12:00:00+12:00
- SV01: 2023-01-09T13:00:00+13:00
- SV02: 2023-01-09T13:00:00+13:00
- SV03: 2023-01-09T13:00:00+13:00
- SV04: 2023-01-09T13:00:00+13:00
- SV05: 2023-01-09T13:00:00+13:00
- SW1: 2023-01-22T13:00:00+13:00
- SW2: 2023-01-22T13:00:00+13:00
- SW3: 2023-01-22T13:00:00+13:00
- SW4: 2023-01-22T13:00:00+13:00
- SW5: 2023-01-22T13:00:00+13:00
- SW6: 2023-01-22T13:00:00+13:00
- SW7: 2023-01-22T13:00:00+13:00
- SW8: 2023-01-22T13:00:00+13:00
- SW9: 2023-01-22T13:00:00+13:00
- TM01: 2023-12-01T13:00:00+13:00
- TM02: 2023-12-01T13:00:00+13:00
- TM03: 2023-12-01T13:00:00+13:00
- TM04: 2023-03-23T13:00:00+13:00
- TM05: 2023-03-23T13:00:00+13:00
- TM06: 2023-03-23T13:00:00+13:00
- TM07: 2023-03-23T13:00:00+13:00
- TM08: 2023-03-23T13:00:00+13:00
- TM09: 2023-12-01T13:00:00+13:00
- TM10: 2023-03-23T13:00:00+13:00
- TM11: 2023-03-23T13:00:00+13:00
- TM12: 2023-03-23T13:00:00+13:00
- TM13: 2023-03-23T13:00:00+13:00
- TM14: 2023-12-01T13:00:00+13:00
- TM15: 2023-12-01T13:00:00+13:00
- TM16: 2023-12-01T13:00:00+13:00
- TM17: 2023-12-01T13:00:00+13:00
- TM18: 2023-12-01T13:00:00+13:00
- TN01: 2023-01-15T13:00:00+13:00
- TN02: 2023-01-15T13:00:00+13:00
- TN03: 2023-01-15T13:00:00+13:00
- TN04: 2023-01-15T13:00:00+13:00
- TN05: 2023-01-15T13:00:00+13:00
- TN06: 2023-01-15T13:00:00+13:00
- TN07: 2023-01-15T13:00:00+13:00
- TN08: 2023-01-15T13:00:00+13:00
- TN09: 2023-01-15T13:00:00+13:00
- TN10: 2023-01-15T13:00:00+13:00
- TN11: 2023-01-15T13:00:00+13:00
- TN12: 2023-01-15T13:00:00+13:00
- TN13: 2023-01-15T13:00:00+13:00
- TS01: 2023-12-08T13:00:00+13:00
- TS02: 2023-12-08T13:00:00+13:00
- TS03: 2023-12-08T13:00:00+13:00
- TS04: 2023-12-08T13:00:00+13:00
- TS05: 2023-12-08T13:00:00+13:00
- TS06: 2023-12-08T13:00:00+13:00
- TS07: 2023-12-08T13:00:00+13:00
- TS08: 2023-12-08T13:00:00+13:00
- TS09: 2023-12-08T13:00:00+13:00
- TS10: 2023-12-08T13:00:00+13:00
- TS11: 2023-12-08T13:00:00+13:00
- TS12: 2023-12-08T13:00:00+13:00
- TS13: 2023-12-08T13:00:00+13:00
- TS14: 2023-12-08T13:00:00+13:00
- TS15: 2023-12-08T13:00:00+13:00
- TS16: 2023-12-08T13:00:00+13:00
- TS17: 2023-12-08T13:00:00+13:00
- TS18: 2023-12-08T13:00:00+13:00
- TS19: 2023-03-23T13:00:00+13:00
- TS20: 2023-12-08T13:00:00+13:00
- V1: 2023-01-08T13:00:00+13:00
- V2: 2023-01-08T13:00:00+13:00
- V3: 2023-01-08T13:00:00+13:00
- V4: 2023-01-08T13:00:00+13:00
- WA01: 2023-01-31T13:00:00+13:00
- WA02: 2023-03-27T13:00:00+13:00
- WA03: 2023-01-31T13:00:00+13:00
- WA04: 2023-01-31T13:00:00+13:00
- WB01: 2023-03-27T13:00:00+13:00
- WB02: 2023-04-25T12:00:00+12:00
- WB03: 2023-08-10T12:00:00+12:00
- WB04: 2023-05-18T12:00:00+12:00
- WB05: 2023-04-25T12:00:00+12:00
- WE01: 2023-01-09T13:00:00+13:00
- WE02: 2023-01-09T13:00:00+13:00
- WE03: 2023-01-09T13:00:00+13:00
- WE04: 2023-01-09T13:00:00+13:00
- WE05: 2023-01-09T13:00:00+13:00
- WE06: 2023-01-09T13:00:00+13:00
- WE07: 2023-01-09T13:00:00+13:00
- WE08: 2023-01-09T13:00:00+13:00
- WE09: 2023-01-09T13:00:00+13:00
- WE10: 2023-01-09T13:00:00+13:00
- WE11: 2023-01-14T13:00:00+13:00
- WE12: 2023-01-14T13:00:00+13:00
- WE13: 2023-01-14T13:00:00+13:00
- WE14: 2023-01-14T13:00:00+13:00
- WE15: 2023-01-14T13:00:00+13:00
- WE16: 2023-01-14T13:00:00+13:00
- WE17: 2023-01-23T13:00:00+13:00
- WE18: 2023-01-23T13:00:00+13:00
- WHS01: 2023-03-26T13:00:00+13:00
- WHS02: 2023-03-26T13:00:00+13:00
- WHS03: 2023-03-26T13:00:00+13:00
- WHS04: 2023-03-26T13:00:00+13:00
- WHS05: 2023-03-26T13:00:00+13:00
- WHS06: 2023-03-26T13:00:00+13:00
- WHS07: 2023-03-26T13:00:00+13:00
- WHS08: 2023-03-26T13:00:00+13:00
- WHS09: 2023-03-26T13:00:00+13:00
- WHS10: 2023-03-26T13:00:00+13:00
- WL01: 2023-01-20T13:00:00+13:00
- WL02: 2023-01-20T13:00:00+13:00
- WL03: 2023-01-20T13:00:00+13:00
- WL04: 2023-01-20T13:00:00+13:00
- WL05: 2023-01-20T13:00:00+13:00
- WL06: 2023-01-20T13:00:00+13:00
- WL07: 2023-01-20T13:00:00+13:00
- WL08: 2023-01-20T13:00:00+13:00
- WL09: 2023-01-20T13:00:00+13:00
- WL10: 2023-01-20T13:00:00+13:00
- Wl11: 2023-01-20T13:00:00+13:00
- WL12: 2023-01-20T13:00:00+13:00
- WL13: 2023-01-20T13:00:00+13:00
- WL14: 2023-01-20T13:00:00+13:00
- WL15: 2023-01-20T13:00:00+13:00
- WL16: 2023-01-20T13:00:00+13:00
- WL17: 2023-01-20T13:00:00+13:00
- WL18: 2023-01-20T13:00:00+13:00
- WL19: 2023-01-20T13:00:00+13:00
- WL20: 2023-01-20T13:00:00+13:00
- WL21: 2023-01-20T13:00:00+13:00
- WL22: 2023-01-20T13:00:00+13:00
- WO01: 2023-05-18T12:00:00+12:00
- WO02: 2023-05-18T12:00:00+12:00
- WO03: 2023-08-10T12:00:00+12:00
- WO04: 2023-03-27T13:00:00+13:00
- WO05: 2023-04-25T12:00:00+12:00
- WO06: 2023-04-25T12:00:00+12:00
- WO07: 2023-04-25T12:00:00+12:00
- WO08: 2023-04-25T12:00:00+12:00
- WO09: 2023-01-31T13:00:00+13:00
- WO10: 2023-03-27T13:00:00+13:00
- WO11: 2023-07-25T12:00:00+12:00
- WO12: 2023-03-27T13:00:00+13:00
- WO13: 2023-04-25T12:00:00+12:00
- WO14: 2023-01-31T13:00:00+13:00
- WO15: 2023-04-25T12:00:00+12:00
- WO16: 2023-01-31T13:00:00+13:00
- WO17: 2023-03-27T13:00:00+13:00
- WO18: 2023-06-27T12:00:00+12:00
- WO19: 2023-03-27T13:00:00+13:00
- WO20: 2023-03-27T13:00:00+13:00
- WO21: 2023-05-18T12:00:00+12:00
- WO22: 2023-05-18T12:00:00+12:00
- WO23: 2023-05-18T12:00:00+12:00
- WO24: 2023-07-25T12:00:00+12:00
- WO25: 2023-03-27T13:00:00+13:00
- WO26: 2023-04-25T12:00:00+12:00
- WO27: 2023-03-27T13:00:00+13:00
- WO28: 2023-03-27T13:00:00+13:00
- WO29: 2023-04-25T12:00:00+12:00
- WO30: 2023-01-31T13:00:00+13:00
- WO31: 2023-03-27T13:00:00+13:00
- WO32: 2023-03-27T13:00:00+13:00
- WO33: 2023-03-27T13:00:00+13:00
- WS01: 2023-01-15T13:00:00+13:00
- WS02: 2023-01-15T13:00:00+13:00
- WS03: 2023-01-15T13:00:00+13:00
- WS04: 2023-01-15T13:00:00+13:00
- WS05: 2023-01-15T13:00:00+13:00
- WS06: 2023-01-15T13:00:00+13:00
- WS07: 2023-01-15T13:00:00+13:00
- WS08: 2023-01-15T13:00:00+13:00
- WS09: 2023-01-15T13:00:00+13:00
- WS10: 2023-01-15T13:00:00+13:00
- WS11: 2023-01-15T13:00:00+13:00
- WS12: 2023-01-15T13:00:00+13:00
- WS13: 2023-01-15T13:00:00+13:00
- WS14: 2023-01-15T13:00:00+13:00
- WS15: 2023-03-29T13:00:00+13:00
- WS16: 2023-03-29T13:00:00+13:00
- WS18: 2023-03-29T13:00:00+13:00
- WS19: 2023-03-29T13:00:00+13:00
- WS20: 2023-03-29T13:00:00+13:00
- X1: 2023-01-08T13:00:00+13:00
- X2: 2023-01-08T13:00:00+13:00
- X3: 2023-01-08T13:00:00+13:00
- X4: 2023-01-08T13:00:00+13:00
- XM01: 2023-01-13T13:00:00+13:00
- XM02: 2023-01-13T13:00:00+13:00
- XM03: 2023-01-13T13:00:00+13:00
- XM04: 2023-01-13T13:00:00+13:00
- XM05: 2023-01-13T13:00:00+13:00
- XM06: 2023-01-13T13:00:00+13:00
- XM07: 2023-01-13T13:00:00+13:00
- XM08: 2023-01-13T13:00:00+13:00
- XM09: 2023-01-13T13:00:00+13:00
- XM10: 2023-01-13T13:00:00+13:00
- XM11: 2023-01-13T13:00:00+13:00
- XM12: 2023-01-13T13:00:00+13:00
- XM13: 2023-01-13T13:00:00+13:00 

